<?xml version="1.0" encoding="UTF-8"?>
<testsuite name="com.generali.app.StudentTest" tests="1" skipped="0" failures="0" errors="0" timestamp="2019-10-15T09:46:31" hostname="w7p-davanzo1.corp.generali.net" time="0.016">
  <properties/>
  <testcase name="shouldReturnName()" classname="com.generali.app.StudentTest" time="0.016"/>
  <system-out><![CDATA[]]></system-out>
  <system-err><![CDATA[]]></system-err>
</testsuite>
